Arguments: 
  /home/thanhtx/.nvm/versions/node/v18.12.1/bin/node /home/thanhtx/.nvm/versions/node/v18.12.1/bin/yarn init

PATH: 
  /home/thanhtx/.local/bin:/home/thanhtx/.nvm/versions/node/v18.12.1/bin:/home/thanhtx/.cargo/bin:/usr/local/sbin:/usr/local/bin:/usr/sbin:/usr/bin:/sbin:/bin:/usr/games:/usr/local/games:/mnt/c/Windows/system32:/mnt/c/Windows:/mnt/c/Windows/System32/Wbem:/mnt/c/Windows/System32/WindowsPowerShell/v1.0/:/mnt/c/Windows/System32/OpenSSH/:/mnt/c/Program Files/nodejs/:/mnt/c/Program Files/Go/bin:/mnt/c/Program Files/Git/cmd:/mnt/c/Users/truon/AppData/Local/Programs/Python/Python39/Scripts/:/mnt/c/Users/truon/AppData/Local/Programs/Python/Python39/:/mnt/c/Users/truon/AppData/Local/Microsoft/WindowsApps:/mnt/c/Users/truon/AppData/Roaming/npm:/mnt/c/Users/truon/AppData/Local/Programs/Microsoft VS Code/bin:/mnt/c/Users/truon/go/bin:/mnt/c/Users/truon/AppData/Roaming/Python/Scripts:/mnt/d/Work/Aptos/Scripts:/snap/bin

Yarn version: 
  1.22.19

Node version: 
  18.12.1

Platform: 
  linux x64

Trace: 
  Error: canceled
      at Interface.<anonymous> (/home/thanhtx/.nvm/versions/node/v18.12.1/lib/node_modules/yarn/lib/cli.js:137150:13)
      at Interface.emit (node:events:513:28)
      at [_ttyWrite] [as _ttyWrite] (node:internal/readline/interface:1124:18)
      at ReadStream.onkeypress (node:internal/readline/interface:273:20)
      at ReadStream.emit (node:events:513:28)
      at emitKeys (node:internal/readline/utils:357:14)
      at emitKeys.next (<anonymous>)
      at ReadStream.onData (node:internal/readline/emitKeypressEvents:64:36)
      at ReadStream.emit (node:events:513:28)
      at addChunk (node:internal/streams/readable:324:12)

npm manifest: 
  No manifest

yarn manifest: 
  No manifest

Lockfile: 
  No lockfile
